  bookingSystem.cpp
c:\users\lenovo\source\repos\ticket\ticket\tool.h(40): warning C4267: “=”: 从“size_t”转换到“char”，可能丢失数据
c:\users\lenovo\source\repos\ticket\ticket\tool.h(46): warning C4267: “=”: 从“size_t”转换到“char”，可能丢失数据
c:\users\lenovo\source\repos\ticket\ticket\trainbase.h(19): warning C4018: “<”: 有符号/无符号不匹配
c:\users\lenovo\source\repos\ticket\ticket\trainbase.h(46): warning C4267: “=”: 从“size_t”转换到“short”，可能丢失数据
c:\users\lenovo\source\repos\ticket\ticket\trainbase.h(47): warning C4267: “=”: 从“size_t”转换到“short”，可能丢失数据
c:\users\lenovo\source\repos\ticket\ticket\log.h(68): warning C4018: “<”: 有符号/无符号不匹配
c:\users\lenovo\source\repos\ticket\ticket\bookingsystem.cpp(76): warning C4018: “<”: 有符号/无符号不匹配
c:\users\lenovo\source\repos\ticket\ticket\bookingsystem.cpp(98): warning C4018: “<”: 有符号/无符号不匹配
  log.cpp
c:\users\lenovo\source\repos\ticket\ticket\tool.h(40): warning C4267: “=”: 从“size_t”转换到“char”，可能丢失数据
c:\users\lenovo\source\repos\ticket\ticket\tool.h(46): warning C4267: “=”: 从“size_t”转换到“char”，可能丢失数据
c:\users\lenovo\source\repos\ticket\ticket\trainbase.h(19): warning C4018: “<”: 有符号/无符号不匹配
c:\users\lenovo\source\repos\ticket\ticket\trainbase.h(46): warning C4267: “=”: 从“size_t”转换到“short”，可能丢失数据
c:\users\lenovo\source\repos\ticket\ticket\trainbase.h(47): warning C4267: “=”: 从“size_t”转换到“short”，可能丢失数据
c:\users\lenovo\source\repos\ticket\ticket\log.h(68): warning C4018: “<”: 有符号/无符号不匹配
c:\users\lenovo\source\repos\ticket\ticket\alloc.hpp(126): warning C4018: “>=”: 有符号/无符号不匹配
  c:\users\lenovo\source\repos\ticket\ticket\alloc.hpp(123): note: 编译 类 模板 成员函数 "void ALLOC<4096>::free(point,size_t)" 时
  c:\users\lenovo\source\repos\ticket\ticket\bplustree.hpp(937): note: 参见对正在编译的函数 模板 实例化“void ALLOC<4096>::free(point,size_t)”的引用
  c:\users\lenovo\source\repos\ticket\ticket\bplustree.hpp(40): note: 参见对正在编译的 类 模板 实例化 "ALLOC<4096>" 的引用
  c:\users\lenovo\source\repos\ticket\ticket\log.h(65): note: 参见对正在编译的 类 模板 实例化 "bplustree<keyInfo,Detail,4096,std::less<key_t>>" 的引用
          with
          [
              key_t=keyInfo
          ]
c:\users\lenovo\source\repos\ticket\ticket\bplustree.hpp(279): warning C4018: “<”: 有符号/无符号不匹配
  c:\users\lenovo\source\repos\ticket\ticket\bplustree.hpp(275): note: 编译 类 模板 成员函数 "void bplustree<keyInfo,Detail,4096,std::less<key_t>>::Lbalance_l(bplustree<key_t,Detail,4096,std::less<key_t>>::node &,bplustree<key_t,Detail,4096,std::less<key_t>>::node &,bplustree<key_t,Detail,4096,std::less<key_t>>::byte *)" 时
          with
          [
              key_t=keyInfo
          ]
  c:\users\lenovo\source\repos\ticket\ticket\bplustree.hpp(419): note: 参见对正在编译的函数 模板 实例化“void bplustree<keyInfo,Detail,4096,std::less<key_t>>::Lbalance_l(bplustree<key_t,Detail,4096,std::less<key_t>>::node &,bplustree<key_t,Detail,4096,std::less<key_t>>::node &,bplustree<key_t,Detail,4096,std::less<key_t>>::byte *)”的引用
          with
          [
              key_t=keyInfo
          ]
c:\users\lenovo\source\repos\ticket\ticket\bplustree.hpp(265): warning C4018: “<”: 有符号/无符号不匹配
  c:\users\lenovo\source\repos\ticket\ticket\bplustree.hpp(261): note: 编译 类 模板 成员函数 "void bplustree<keyInfo,Detail,4096,std::less<key_t>>::Lbalance_n(bplustree<key_t,Detail,4096,std::less<key_t>>::node &,bplustree<key_t,Detail,4096,std::less<key_t>>::node &,bplustree<key_t,Detail,4096,std::less<key_t>>::byte *)" 时
          with
          [
              key_t=keyInfo
          ]
  c:\users\lenovo\source\repos\ticket\ticket\bplustree.hpp(398): note: 参见对正在编译的函数 模板 实例化“void bplustree<keyInfo,Detail,4096,std::less<key_t>>::Lbalance_n(bplustree<key_t,Detail,4096,std::less<key_t>>::node &,bplustree<key_t,Detail,4096,std::less<key_t>>::node &,bplustree<key_t,Detail,4096,std::less<key_t>>::byte *)”的引用
          with
          [
              key_t=keyInfo
          ]
  main.cpp
c:\users\lenovo\source\repos\ticket\ticket\tool.h(40): warning C4267: “=”: 从“size_t”转换到“char”，可能丢失数据
c:\users\lenovo\source\repos\ticket\ticket\tool.h(46): warning C4267: “=”: 从“size_t”转换到“char”，可能丢失数据
c:\users\lenovo\source\repos\ticket\ticket\tokenscanner.hpp(22): warning C4018: “<”: 有符号/无符号不匹配
c:\users\lenovo\source\repos\ticket\ticket\tokenscanner.hpp(28): warning C4018: “<”: 有符号/无符号不匹配
c:\users\lenovo\source\repos\ticket\ticket\tokenscanner.hpp(48): warning C4018: “<”: 有符号/无符号不匹配
c:\users\lenovo\source\repos\ticket\ticket\trainbase.h(19): warning C4018: “<”: 有符号/无符号不匹配
c:\users\lenovo\source\repos\ticket\ticket\trainbase.h(46): warning C4267: “=”: 从“size_t”转换到“short”，可能丢失数据
c:\users\lenovo\source\repos\ticket\ticket\trainbase.h(47): warning C4267: “=”: 从“size_t”转换到“short”，可能丢失数据
c:\users\lenovo\source\repos\ticket\ticket\log.h(68): warning C4018: “<”: 有符号/无符号不匹配
c:\users\lenovo\source\repos\ticket\ticket\main.cpp(29): warning C4018: “<”: 有符号/无符号不匹配
  ticket.cpp
c:\users\lenovo\source\repos\ticket\ticket\tool.h(40): warning C4267: “=”: 从“size_t”转换到“char”，可能丢失数据
c:\users\lenovo\source\repos\ticket\ticket\tool.h(46): warning C4267: “=”: 从“size_t”转换到“char”，可能丢失数据
c:\users\lenovo\source\repos\ticket\ticket\trainbase.h(19): warning C4018: “<”: 有符号/无符号不匹配
c:\users\lenovo\source\repos\ticket\ticket\trainbase.h(46): warning C4267: “=”: 从“size_t”转换到“short”，可能丢失数据
c:\users\lenovo\source\repos\ticket\ticket\trainbase.h(47): warning C4267: “=”: 从“size_t”转换到“short”，可能丢失数据
c:\users\lenovo\source\repos\ticket\ticket\log.h(68): warning C4018: “<”: 有符号/无符号不匹配
c:\users\lenovo\source\repos\ticket\ticket\ticket.cpp(11): warning C4018: “<”: 有符号/无符号不匹配
c:\users\lenovo\source\repos\ticket\ticket\ticket.cpp(62): warning C4018: “<”: 有符号/无符号不匹配
c:\users\lenovo\source\repos\ticket\ticket\ticket.cpp(63): warning C4018: “<”: 有符号/无符号不匹配
c:\users\lenovo\source\repos\ticket\ticket\ticket.cpp(71): warning C4018: “<”: 有符号/无符号不匹配
c:\users\lenovo\source\repos\ticket\ticket\ticket.cpp(92): warning C4018: “<”: 有符号/无符号不匹配
c:\users\lenovo\source\repos\ticket\ticket\ticket.cpp(95): warning C4018: “<”: 有符号/无符号不匹配
c:\users\lenovo\source\repos\ticket\ticket\bplustree.hpp(279): warning C4018: “<”: 有符号/无符号不匹配
  c:\users\lenovo\source\repos\ticket\ticket\bplustree.hpp(275): note: 编译 类 模板 成员函数 "void bplustree<std::pair<String,String>,String,4096,std::less<key_t>>::Lbalance_l(bplustree<key_t,String,4096,std::less<key_t>>::node &,bplustree<key_t,String,4096,std::less<key_t>>::node &,bplustree<key_t,String,4096,std::less<key_t>>::byte *)" 时
          with
          [
              key_t=std::pair<String,String>
          ]
  c:\users\lenovo\source\repos\ticket\ticket\bplustree.hpp(419): note: 参见对正在编译的函数 模板 实例化“void bplustree<std::pair<String,String>,String,4096,std::less<key_t>>::Lbalance_l(bplustree<key_t,String,4096,std::less<key_t>>::node &,bplustree<key_t,String,4096,std::less<key_t>>::node &,bplustree<key_t,String,4096,std::less<key_t>>::byte *)”的引用
          with
          [
              key_t=std::pair<String,String>
          ]
  c:\users\lenovo\source\repos\ticket\ticket\ticket.h(47): note: 参见对正在编译的 类 模板 实例化 "bplustree<std::pair<String,String>,String,4096,std::less<key_t>>" 的引用
          with
          [
              key_t=std::pair<String,String>
          ]
c:\users\lenovo\source\repos\ticket\ticket\bplustree.hpp(265): warning C4018: “<”: 有符号/无符号不匹配
  c:\users\lenovo\source\repos\ticket\ticket\bplustree.hpp(261): note: 编译 类 模板 成员函数 "void bplustree<std::pair<String,String>,String,4096,std::less<key_t>>::Lbalance_n(bplustree<key_t,String,4096,std::less<key_t>>::node &,bplustree<key_t,String,4096,std::less<key_t>>::node &,bplustree<key_t,String,4096,std::less<key_t>>::byte *)" 时
          with
          [
              key_t=std::pair<String,String>
          ]
  c:\users\lenovo\source\repos\ticket\ticket\bplustree.hpp(398): note: 参见对正在编译的函数 模板 实例化“void bplustree<std::pair<String,String>,String,4096,std::less<key_t>>::Lbalance_n(bplustree<key_t,String,4096,std::less<key_t>>::node &,bplustree<key_t,String,4096,std::less<key_t>>::node &,bplustree<key_t,String,4096,std::less<key_t>>::byte *)”的引用
          with
          [
              key_t=std::pair<String,String>
          ]
  tool.cpp
c:\users\lenovo\source\repos\ticket\ticket\tool.h(40): warning C4267: “=”: 从“size_t”转换到“char”，可能丢失数据
c:\users\lenovo\source\repos\ticket\ticket\tool.h(46): warning C4267: “=”: 从“size_t”转换到“char”，可能丢失数据
c:\users\lenovo\source\repos\ticket\ticket\tool.cpp(28): warning C4305: “初始化”: 从“double”到“float”截断
c:\users\lenovo\source\repos\ticket\ticket\tool.cpp(30): warning C4305: “*=”: 从“double”到“float”截断
  train.cpp
c:\users\lenovo\source\repos\ticket\ticket\tool.h(40): warning C4267: “=”: 从“size_t”转换到“char”，可能丢失数据
c:\users\lenovo\source\repos\ticket\ticket\tool.h(46): warning C4267: “=”: 从“size_t”转换到“char”，可能丢失数据
c:\users\lenovo\source\repos\ticket\ticket\trainbase.h(19): warning C4018: “<”: 有符号/无符号不匹配
c:\users\lenovo\source\repos\ticket\ticket\trainbase.h(46): warning C4267: “=”: 从“size_t”转换到“short”，可能丢失数据
c:\users\lenovo\source\repos\ticket\ticket\trainbase.h(47): warning C4267: “=”: 从“size_t”转换到“short”，可能丢失数据
c:\users\lenovo\source\repos\ticket\ticket\log.h(68): warning C4018: “<”: 有符号/无符号不匹配
c:\users\lenovo\source\repos\ticket\ticket\alloc.hpp(126): warning C4018: “>=”: 有符号/无符号不匹配
  c:\users\lenovo\source\repos\ticket\ticket\alloc.hpp(123): note: 编译 类 模板 成员函数 "void ALLOC<65536>::free(point,size_t)" 时
  c:\users\lenovo\source\repos\ticket\ticket\bplustree.hpp(937): note: 参见对正在编译的函数 模板 实例化“void ALLOC<65536>::free(point,size_t)”的引用
  c:\users\lenovo\source\repos\ticket\ticket\bplustree.hpp(40): note: 参见对正在编译的 类 模板 实例化 "ALLOC<65536>" 的引用
  c:\users\lenovo\source\repos\ticket\ticket\train.h(12): note: 参见对正在编译的 类 模板 实例化 "bplustree<String,train,65536,std::less<key_t>>" 的引用
          with
          [
              key_t=String
          ]
c:\users\lenovo\source\repos\ticket\ticket\bplustree.hpp(279): warning C4018: “<”: 有符号/无符号不匹配
  c:\users\lenovo\source\repos\ticket\ticket\bplustree.hpp(275): note: 编译 类 模板 成员函数 "void bplustree<String,train,65536,std::less<key_t>>::Lbalance_l(bplustree<key_t,train,65536,std::less<key_t>>::node &,bplustree<key_t,train,65536,std::less<key_t>>::node &,bplustree<key_t,train,65536,std::less<key_t>>::byte *)" 时
          with
          [
              key_t=String
          ]
  c:\users\lenovo\source\repos\ticket\ticket\bplustree.hpp(419): note: 参见对正在编译的函数 模板 实例化“void bplustree<String,train,65536,std::less<key_t>>::Lbalance_l(bplustree<key_t,train,65536,std::less<key_t>>::node &,bplustree<key_t,train,65536,std::less<key_t>>::node &,bplustree<key_t,train,65536,std::less<key_t>>::byte *)”的引用
          with
          [
              key_t=String
          ]
c:\users\lenovo\source\repos\ticket\ticket\bplustree.hpp(265): warning C4018: “<”: 有符号/无符号不匹配
  c:\users\lenovo\source\repos\ticket\ticket\bplustree.hpp(261): note: 编译 类 模板 成员函数 "void bplustree<String,train,65536,std::less<key_t>>::Lbalance_n(bplustree<key_t,train,65536,std::less<key_t>>::node &,bplustree<key_t,train,65536,std::less<key_t>>::node &,bplustree<key_t,train,65536,std::less<key_t>>::byte *)" 时
          with
          [
              key_t=String
          ]
  c:\users\lenovo\source\repos\ticket\ticket\bplustree.hpp(398): note: 参见对正在编译的函数 模板 实例化“void bplustree<String,train,65536,std::less<key_t>>::Lbalance_n(bplustree<key_t,train,65536,std::less<key_t>>::node &,bplustree<key_t,train,65536,std::less<key_t>>::node &,bplustree<key_t,train,65536,std::less<key_t>>::byte *)”的引用
          with
          [
              key_t=String
          ]
  user.cpp
c:\users\lenovo\source\repos\ticket\ticket\tool.h(40): warning C4267: “=”: 从“size_t”转换到“char”，可能丢失数据
c:\users\lenovo\source\repos\ticket\ticket\tool.h(46): warning C4267: “=”: 从“size_t”转换到“char”，可能丢失数据
c:\users\lenovo\source\repos\ticket\ticket\bplustree.hpp(279): warning C4018: “<”: 有符号/无符号不匹配
  c:\users\lenovo\source\repos\ticket\ticket\bplustree.hpp(275): note: 编译 类 模板 成员函数 "void bplustree<int,user,8192,std::less<int>>::Lbalance_l(bplustree<int,user,8192,std::less<int>>::node &,bplustree<int,user,8192,std::less<int>>::node &,bplustree<int,user,8192,std::less<int>>::byte *)" 时
  c:\users\lenovo\source\repos\ticket\ticket\bplustree.hpp(419): note: 参见对正在编译的函数 模板 实例化“void bplustree<int,user,8192,std::less<int>>::Lbalance_l(bplustree<int,user,8192,std::less<int>>::node &,bplustree<int,user,8192,std::less<int>>::node &,bplustree<int,user,8192,std::less<int>>::byte *)”的引用
  c:\users\lenovo\source\repos\ticket\ticket\user.h(30): note: 参见对正在编译的 类 模板 实例化 "bplustree<int,user,8192,std::less<int>>" 的引用
c:\users\lenovo\source\repos\ticket\ticket\bplustree.hpp(265): warning C4018: “<”: 有符号/无符号不匹配
  c:\users\lenovo\source\repos\ticket\ticket\bplustree.hpp(261): note: 编译 类 模板 成员函数 "void bplustree<int,user,8192,std::less<int>>::Lbalance_n(bplustree<int,user,8192,std::less<int>>::node &,bplustree<int,user,8192,std::less<int>>::node &,bplustree<int,user,8192,std::less<int>>::byte *)" 时
  c:\users\lenovo\source\repos\ticket\ticket\bplustree.hpp(398): note: 参见对正在编译的函数 模板 实例化“void bplustree<int,user,8192,std::less<int>>::Lbalance_n(bplustree<int,user,8192,std::less<int>>::node &,bplustree<int,user,8192,std::less<int>>::node &,bplustree<int,user,8192,std::less<int>>::byte *)”的引用
  正在生成代码...
  Ticket.vcxproj -> C:\Users\lenovo\source\repos\Ticket\Debug\Ticket.exe
