  bookingSystem.cpp
c:\users\lenovo\source\repos\ticket\ticket\tool.h(43): warning C4267: “=”: 从“size_t”转换到“char”，可能丢失数据
c:\users\lenovo\source\repos\ticket\ticket\tool.h(49): warning C4267: “=”: 从“size_t”转换到“char”，可能丢失数据
c:\users\lenovo\source\repos\ticket\ticket\tool.h(102): warning C4267: “=”: 从“size_t”转换到“char”，可能丢失数据
c:\users\lenovo\source\repos\ticket\ticket\trainbase.h(19): warning C4018: “<”: 有符号/无符号不匹配
c:\users\lenovo\source\repos\ticket\ticket\trainbase.h(44): warning C4267: “=”: 从“size_t”转换到“short”，可能丢失数据
c:\users\lenovo\source\repos\ticket\ticket\trainbase.h(45): warning C4267: “=”: 从“size_t”转换到“short”，可能丢失数据
c:\users\lenovo\source\repos\ticket\ticket\log.h(69): warning C4018: “<”: 有符号/无符号不匹配
c:\users\lenovo\source\repos\ticket\ticket\bookingsystem.cpp(98): warning C4018: “<”: 有符号/无符号不匹配
  log.cpp
c:\users\lenovo\source\repos\ticket\ticket\tool.h(43): warning C4267: “=”: 从“size_t”转换到“char”，可能丢失数据
c:\users\lenovo\source\repos\ticket\ticket\tool.h(49): warning C4267: “=”: 从“size_t”转换到“char”，可能丢失数据
c:\users\lenovo\source\repos\ticket\ticket\tool.h(102): warning C4267: “=”: 从“size_t”转换到“char”，可能丢失数据
c:\users\lenovo\source\repos\ticket\ticket\trainbase.h(19): warning C4018: “<”: 有符号/无符号不匹配
c:\users\lenovo\source\repos\ticket\ticket\trainbase.h(44): warning C4267: “=”: 从“size_t”转换到“short”，可能丢失数据
c:\users\lenovo\source\repos\ticket\ticket\trainbase.h(45): warning C4267: “=”: 从“size_t”转换到“short”，可能丢失数据
c:\users\lenovo\source\repos\ticket\ticket\log.h(69): warning C4018: “<”: 有符号/无符号不匹配
c:\users\lenovo\source\repos\ticket\ticket\index.h(36): warning C4018: “<”: 有符号/无符号不匹配
  c:\users\lenovo\source\repos\ticket\ticket\index.h(33): note: 编译 类 模板 成员函数 "sjtu::vector<std::pair<keyInfo,Detail>> Index<keyInfo,Detail>::listof(const key_type &,bool (__cdecl *)(const key_type &,const key_type &)) const" 时
          with
          [
              key_type=keyInfo
          ]
  c:\users\lenovo\source\repos\ticket\ticket\log.cpp(42): note: 参见对正在编译的函数 模板 实例化“sjtu::vector<std::pair<keyInfo,Detail>> Index<keyInfo,Detail>::listof(const key_type &,bool (__cdecl *)(const key_type &,const key_type &)) const”的引用
          with
          [
              key_type=keyInfo
          ]
  c:\users\lenovo\source\repos\ticket\ticket\log.h(66): note: 参见对正在编译的 类 模板 实例化 "Index<keyInfo,Detail>" 的引用
c:\users\lenovo\source\repos\ticket\ticket\alloc.hpp(133): warning C4018: “>=”: 有符号/无符号不匹配
  c:\users\lenovo\source\repos\ticket\ticket\alloc.hpp(130): note: 编译 类 模板 成员函数 "void ALLOC<4096>::free(point,size_t)" 时
  c:\users\lenovo\source\repos\ticket\ticket\bplustree.hpp(939): note: 参见对正在编译的函数 模板 实例化“void ALLOC<4096>::free(point,size_t)”的引用
  c:\users\lenovo\source\repos\ticket\ticket\bplustree.hpp(42): note: 参见对正在编译的 类 模板 实例化 "ALLOC<4096>" 的引用
  c:\users\lenovo\source\repos\ticket\ticket\index.h(8): note: 参见对正在编译的 类 模板 实例化 "bplustree<key_type,int,4096,std::less<key_t>>" 的引用
          with
          [
              key_type=keyInfo,
              key_t=keyInfo
          ]
c:\users\lenovo\source\repos\ticket\ticket\bplustree.hpp(281): warning C4018: “<”: 有符号/无符号不匹配
  c:\users\lenovo\source\repos\ticket\ticket\bplustree.hpp(277): note: 编译 类 模板 成员函数 "void bplustree<key_type,int,4096,std::less<key_t>>::Lbalance_l(bplustree<key_t,int,4096,std::less<key_t>>::node &,bplustree<key_t,int,4096,std::less<key_t>>::node &,bplustree<key_t,int,4096,std::less<key_t>>::byte *)" 时
          with
          [
              key_type=keyInfo,
              key_t=keyInfo
          ]
  c:\users\lenovo\source\repos\ticket\ticket\bplustree.hpp(421): note: 参见对正在编译的函数 模板 实例化“void bplustree<key_type,int,4096,std::less<key_t>>::Lbalance_l(bplustree<key_t,int,4096,std::less<key_t>>::node &,bplustree<key_t,int,4096,std::less<key_t>>::node &,bplustree<key_t,int,4096,std::less<key_t>>::byte *)”的引用
          with
          [
              key_type=keyInfo,
              key_t=keyInfo
          ]
c:\users\lenovo\source\repos\ticket\ticket\bplustree.hpp(267): warning C4018: “<”: 有符号/无符号不匹配
  c:\users\lenovo\source\repos\ticket\ticket\bplustree.hpp(263): note: 编译 类 模板 成员函数 "void bplustree<key_type,int,4096,std::less<key_t>>::Lbalance_n(bplustree<key_t,int,4096,std::less<key_t>>::node &,bplustree<key_t,int,4096,std::less<key_t>>::node &,bplustree<key_t,int,4096,std::less<key_t>>::byte *)" 时
          with
          [
              key_type=keyInfo,
              key_t=keyInfo
          ]
  c:\users\lenovo\source\repos\ticket\ticket\bplustree.hpp(400): note: 参见对正在编译的函数 模板 实例化“void bplustree<key_type,int,4096,std::less<key_t>>::Lbalance_n(bplustree<key_t,int,4096,std::less<key_t>>::node &,bplustree<key_t,int,4096,std::less<key_t>>::node &,bplustree<key_t,int,4096,std::less<key_t>>::byte *)”的引用
          with
          [
              key_type=keyInfo,
              key_t=keyInfo
          ]
  main.cpp
c:\users\lenovo\source\repos\ticket\ticket\tool.h(43): warning C4267: “=”: 从“size_t”转换到“char”，可能丢失数据
c:\users\lenovo\source\repos\ticket\ticket\tool.h(49): warning C4267: “=”: 从“size_t”转换到“char”，可能丢失数据
c:\users\lenovo\source\repos\ticket\ticket\tool.h(102): warning C4267: “=”: 从“size_t”转换到“char”，可能丢失数据
c:\users\lenovo\source\repos\ticket\ticket\tokenscanner.hpp(22): warning C4018: “<”: 有符号/无符号不匹配
c:\users\lenovo\source\repos\ticket\ticket\tokenscanner.hpp(28): warning C4018: “<”: 有符号/无符号不匹配
c:\users\lenovo\source\repos\ticket\ticket\tokenscanner.hpp(48): warning C4018: “<”: 有符号/无符号不匹配
c:\users\lenovo\source\repos\ticket\ticket\trainbase.h(19): warning C4018: “<”: 有符号/无符号不匹配
c:\users\lenovo\source\repos\ticket\ticket\trainbase.h(44): warning C4267: “=”: 从“size_t”转换到“short”，可能丢失数据
c:\users\lenovo\source\repos\ticket\ticket\trainbase.h(45): warning C4267: “=”: 从“size_t”转换到“short”，可能丢失数据
c:\users\lenovo\source\repos\ticket\ticket\log.h(69): warning C4018: “<”: 有符号/无符号不匹配
c:\users\lenovo\source\repos\ticket\ticket\main.cpp(37): warning C4018: “<”: 有符号/无符号不匹配
  ticket.cpp
c:\users\lenovo\source\repos\ticket\ticket\tool.h(43): warning C4267: “=”: 从“size_t”转换到“char”，可能丢失数据
c:\users\lenovo\source\repos\ticket\ticket\tool.h(49): warning C4267: “=”: 从“size_t”转换到“char”，可能丢失数据
c:\users\lenovo\source\repos\ticket\ticket\tool.h(102): warning C4267: “=”: 从“size_t”转换到“char”，可能丢失数据
c:\users\lenovo\source\repos\ticket\ticket\trainbase.h(19): warning C4018: “<”: 有符号/无符号不匹配
c:\users\lenovo\source\repos\ticket\ticket\trainbase.h(44): warning C4267: “=”: 从“size_t”转换到“short”，可能丢失数据
c:\users\lenovo\source\repos\ticket\ticket\trainbase.h(45): warning C4267: “=”: 从“size_t”转换到“short”，可能丢失数据
c:\users\lenovo\source\repos\ticket\ticket\log.h(69): warning C4018: “<”: 有符号/无符号不匹配
c:\users\lenovo\source\repos\ticket\ticket\ticket.cpp(12): warning C4018: “<”: 有符号/无符号不匹配
c:\users\lenovo\source\repos\ticket\ticket\ticket.cpp(64): warning C4018: “<”: 有符号/无符号不匹配
c:\users\lenovo\source\repos\ticket\ticket\ticket.cpp(65): warning C4018: “<”: 有符号/无符号不匹配
c:\users\lenovo\source\repos\ticket\ticket\ticket.cpp(73): warning C4018: “<”: 有符号/无符号不匹配
c:\users\lenovo\source\repos\ticket\ticket\ticket.cpp(94): warning C4018: “<”: 有符号/无符号不匹配
c:\users\lenovo\source\repos\ticket\ticket\ticket.cpp(97): warning C4018: “<”: 有符号/无符号不匹配
c:\users\lenovo\source\repos\ticket\ticket\bplustree.hpp(281): warning C4018: “<”: 有符号/无符号不匹配
  c:\users\lenovo\source\repos\ticket\ticket\bplustree.hpp(277): note: 编译 类 模板 成员函数 "void bplustree<std::pair<shortString,shortString>,shortString,4096,std::less<key_t>>::Lbalance_l(bplustree<key_t,shortString,4096,std::less<key_t>>::node &,bplustree<key_t,shortString,4096,std::less<key_t>>::node &,bplustree<key_t,shortString,4096,std::less<key_t>>::byte *)" 时
          with
          [
              key_t=std::pair<shortString,shortString>
          ]
  c:\users\lenovo\source\repos\ticket\ticket\bplustree.hpp(421): note: 参见对正在编译的函数 模板 实例化“void bplustree<std::pair<shortString,shortString>,shortString,4096,std::less<key_t>>::Lbalance_l(bplustree<key_t,shortString,4096,std::less<key_t>>::node &,bplustree<key_t,shortString,4096,std::less<key_t>>::node &,bplustree<key_t,shortString,4096,std::less<key_t>>::byte *)”的引用
          with
          [
              key_t=std::pair<shortString,shortString>
          ]
  c:\users\lenovo\source\repos\ticket\ticket\ticket.h(48): note: 参见对正在编译的 类 模板 实例化 "bplustree<std::pair<shortString,shortString>,shortString,4096,std::less<key_t>>" 的引用
          with
          [
              key_t=std::pair<shortString,shortString>
          ]
c:\users\lenovo\source\repos\ticket\ticket\bplustree.hpp(267): warning C4018: “<”: 有符号/无符号不匹配
  c:\users\lenovo\source\repos\ticket\ticket\bplustree.hpp(263): note: 编译 类 模板 成员函数 "void bplustree<std::pair<shortString,shortString>,shortString,4096,std::less<key_t>>::Lbalance_n(bplustree<key_t,shortString,4096,std::less<key_t>>::node &,bplustree<key_t,shortString,4096,std::less<key_t>>::node &,bplustree<key_t,shortString,4096,std::less<key_t>>::byte *)" 时
          with
          [
              key_t=std::pair<shortString,shortString>
          ]
  c:\users\lenovo\source\repos\ticket\ticket\bplustree.hpp(400): note: 参见对正在编译的函数 模板 实例化“void bplustree<std::pair<shortString,shortString>,shortString,4096,std::less<key_t>>::Lbalance_n(bplustree<key_t,shortString,4096,std::less<key_t>>::node &,bplustree<key_t,shortString,4096,std::less<key_t>>::node &,bplustree<key_t,shortString,4096,std::less<key_t>>::byte *)”的引用
          with
          [
              key_t=std::pair<shortString,shortString>
          ]
  train.cpp
c:\users\lenovo\source\repos\ticket\ticket\tool.h(43): warning C4267: “=”: 从“size_t”转换到“char”，可能丢失数据
c:\users\lenovo\source\repos\ticket\ticket\tool.h(49): warning C4267: “=”: 从“size_t”转换到“char”，可能丢失数据
c:\users\lenovo\source\repos\ticket\ticket\tool.h(102): warning C4267: “=”: 从“size_t”转换到“char”，可能丢失数据
c:\users\lenovo\source\repos\ticket\ticket\trainbase.h(19): warning C4018: “<”: 有符号/无符号不匹配
c:\users\lenovo\source\repos\ticket\ticket\trainbase.h(44): warning C4267: “=”: 从“size_t”转换到“short”，可能丢失数据
c:\users\lenovo\source\repos\ticket\ticket\trainbase.h(45): warning C4267: “=”: 从“size_t”转换到“short”，可能丢失数据
c:\users\lenovo\source\repos\ticket\ticket\log.h(69): warning C4018: “<”: 有符号/无符号不匹配
c:\users\lenovo\source\repos\ticket\ticket\alloc.hpp(133): warning C4018: “>=”: 有符号/无符号不匹配
  c:\users\lenovo\source\repos\ticket\ticket\alloc.hpp(130): note: 编译 类 模板 成员函数 "void ALLOC<4096>::free(point,size_t)" 时
  c:\users\lenovo\source\repos\ticket\ticket\bplustree.hpp(939): note: 参见对正在编译的函数 模板 实例化“void ALLOC<4096>::free(point,size_t)”的引用
  c:\users\lenovo\source\repos\ticket\ticket\bplustree.hpp(42): note: 参见对正在编译的 类 模板 实例化 "ALLOC<4096>" 的引用
  c:\users\lenovo\source\repos\ticket\ticket\index.h(8): note: 参见对正在编译的 类 模板 实例化 "bplustree<key_type,int,4096,std::less<key_t>>" 的引用
          with
          [
              key_type=keyInfo,
              key_t=keyInfo
          ]
  c:\users\lenovo\source\repos\ticket\ticket\log.h(66): note: 参见对正在编译的 类 模板 实例化 "Index<keyInfo,Detail>" 的引用
c:\users\lenovo\source\repos\ticket\ticket\bplustree.hpp(281): warning C4018: “<”: 有符号/无符号不匹配
  c:\users\lenovo\source\repos\ticket\ticket\bplustree.hpp(277): note: 编译 类 模板 成员函数 "void bplustree<key_type,int,4096,std::less<key_t>>::Lbalance_l(bplustree<key_t,int,4096,std::less<key_t>>::node &,bplustree<key_t,int,4096,std::less<key_t>>::node &,bplustree<key_t,int,4096,std::less<key_t>>::byte *)" 时
          with
          [
              key_type=shortString,
              key_t=shortString
          ]
  c:\users\lenovo\source\repos\ticket\ticket\bplustree.hpp(421): note: 参见对正在编译的函数 模板 实例化“void bplustree<key_type,int,4096,std::less<key_t>>::Lbalance_l(bplustree<key_t,int,4096,std::less<key_t>>::node &,bplustree<key_t,int,4096,std::less<key_t>>::node &,bplustree<key_t,int,4096,std::less<key_t>>::byte *)”的引用
          with
          [
              key_type=shortString,
              key_t=shortString
          ]
  c:\users\lenovo\source\repos\ticket\ticket\index.h(8): note: 参见对正在编译的 类 模板 实例化 "bplustree<key_type,int,4096,std::less<key_t>>" 的引用
          with
          [
              key_type=shortString,
              key_t=shortString
          ]
  c:\users\lenovo\source\repos\ticket\ticket\train.h(13): note: 参见对正在编译的 类 模板 实例化 "Index<shortString,train>" 的引用
c:\users\lenovo\source\repos\ticket\ticket\bplustree.hpp(267): warning C4018: “<”: 有符号/无符号不匹配
  c:\users\lenovo\source\repos\ticket\ticket\bplustree.hpp(263): note: 编译 类 模板 成员函数 "void bplustree<key_type,int,4096,std::less<key_t>>::Lbalance_n(bplustree<key_t,int,4096,std::less<key_t>>::node &,bplustree<key_t,int,4096,std::less<key_t>>::node &,bplustree<key_t,int,4096,std::less<key_t>>::byte *)" 时
          with
          [
              key_type=shortString,
              key_t=shortString
          ]
  c:\users\lenovo\source\repos\ticket\ticket\bplustree.hpp(400): note: 参见对正在编译的函数 模板 实例化“void bplustree<key_type,int,4096,std::less<key_t>>::Lbalance_n(bplustree<key_t,int,4096,std::less<key_t>>::node &,bplustree<key_t,int,4096,std::less<key_t>>::node &,bplustree<key_t,int,4096,std::less<key_t>>::byte *)”的引用
          with
          [
              key_type=shortString,
              key_t=shortString
          ]
  user.cpp
c:\users\lenovo\source\repos\ticket\ticket\tool.h(43): warning C4267: “=”: 从“size_t”转换到“char”，可能丢失数据
c:\users\lenovo\source\repos\ticket\ticket\tool.h(49): warning C4267: “=”: 从“size_t”转换到“char”，可能丢失数据
c:\users\lenovo\source\repos\ticket\ticket\tool.h(102): warning C4267: “=”: 从“size_t”转换到“char”，可能丢失数据
c:\users\lenovo\source\repos\ticket\ticket\bplustree.hpp(281): warning C4018: “<”: 有符号/无符号不匹配
  c:\users\lenovo\source\repos\ticket\ticket\bplustree.hpp(277): note: 编译 类 模板 成员函数 "void bplustree<key_type,int,4096,std::less<int>>::Lbalance_l(bplustree<key_type,int,4096,std::less<int>>::node &,bplustree<key_type,int,4096,std::less<int>>::node &,bplustree<key_type,int,4096,std::less<int>>::byte *)" 时
          with
          [
              key_type=int
          ]
  c:\users\lenovo\source\repos\ticket\ticket\bplustree.hpp(421): note: 参见对正在编译的函数 模板 实例化“void bplustree<key_type,int,4096,std::less<int>>::Lbalance_l(bplustree<key_type,int,4096,std::less<int>>::node &,bplustree<key_type,int,4096,std::less<int>>::node &,bplustree<key_type,int,4096,std::less<int>>::byte *)”的引用
          with
          [
              key_type=int
          ]
  c:\users\lenovo\source\repos\ticket\ticket\index.h(8): note: 参见对正在编译的 类 模板 实例化 "bplustree<key_type,int,4096,std::less<int>>" 的引用
          with
          [
              key_type=int
          ]
  c:\users\lenovo\source\repos\ticket\ticket\user.h(31): note: 参见对正在编译的 类 模板 实例化 "Index<int,user>" 的引用
c:\users\lenovo\source\repos\ticket\ticket\bplustree.hpp(267): warning C4018: “<”: 有符号/无符号不匹配
  c:\users\lenovo\source\repos\ticket\ticket\bplustree.hpp(263): note: 编译 类 模板 成员函数 "void bplustree<key_type,int,4096,std::less<int>>::Lbalance_n(bplustree<key_type,int,4096,std::less<int>>::node &,bplustree<key_type,int,4096,std::less<int>>::node &,bplustree<key_type,int,4096,std::less<int>>::byte *)" 时
          with
          [
              key_type=int
          ]
  c:\users\lenovo\source\repos\ticket\ticket\bplustree.hpp(400): note: 参见对正在编译的函数 模板 实例化“void bplustree<key_type,int,4096,std::less<int>>::Lbalance_n(bplustree<key_type,int,4096,std::less<int>>::node &,bplustree<key_type,int,4096,std::less<int>>::node &,bplustree<key_type,int,4096,std::less<int>>::byte *)”的引用
          with
          [
              key_type=int
          ]
  正在生成代码...
c:\users\lenovo\source\repos\ticket\ticket\index.h(45): warning C4715: “Index<int,user>::set”: 不是所有的控件路径都返回值
c:\users\lenovo\source\repos\ticket\ticket\index.h(45): warning C4715: “Index<shortString,train>::set”: 不是所有的控件路径都返回值
c:\users\lenovo\source\repos\ticket\ticket\index.h(45): warning C4715: “Index<keyInfo,Detail>::set”: 不是所有的控件路径都返回值
  Ticket.vcxproj -> C:\Users\lenovo\source\repos\Ticket\Debug\Ticket.exe
